<?xml version="1.0" encoding="UTF-8"?>
<testsuite xmlns:xsi="http://www.w3.org/2001/XMLSchema-instance" xsi:noNamespaceSchemaLocation="https://maven.apache.org/surefire/maven-surefire-plugin/xsd/surefire-test-report.xsd" name="edu.uclm.esi.iso2.banco20193capas.TestCuentaConFixtures" time="5.979" tests="75" errors="0" skipped="0" failures="0">
  <properties>
    <property name="sun.desktop" value="windows"/>
    <property name="awt.toolkit" value="sun.awt.windows.WToolkit"/>
    <property name="file.encoding.pkg" value="sun.io"/>
    <property name="java.specification.version" value="1.8"/>
    <property name="sun.cpu.isalist" value="amd64"/>
    <property name="sun.jnu.encoding" value="Cp1252"/>
    <property name="java.class.path" value="C:\Users\agustintontin\git\banco20193capas\target\test-classes;C:\Users\agustintontin\git\banco20193capas\target\classes;C:\Users\agustintontin\.m2\repository\org\skyscreamer\jsonassert\1.5.0\jsonassert-1.5.0.jar;C:\Users\agustintontin\.m2\repository\org\springframework\boot\spring-boot-starter-aop\2.0.5.RELEASE\spring-boot-starter-aop-2.0.5.RELEASE.jar;C:\Users\agustintontin\.m2\repository\org\hibernate\common\hibernate-commons-annotations\5.0.1.Final\hibernate-commons-annotations-5.0.1.Final.jar;C:\Users\agustintontin\.m2\repository\org\springframework\boot\spring-boot-starter\2.0.5.RELEASE\spring-boot-starter-2.0.5.RELEASE.jar;C:\Users\agustintontin\.m2\repository\org\springframework\boot\spring-boot-starter-web\2.0.5.RELEASE\spring-boot-starter-web-2.0.5.RELEASE.jar;C:\Users\agustintontin\.m2\repository\org\objenesis\objenesis\2.6\objenesis-2.6.jar;C:\Users\agustintontin\.m2\repository\org\apache\tomcat\embed\tomcat-embed-core\8.5.34\tomcat-embed-core-8.5.34.jar;C:\Users\agustintontin\.m2\repository\org\seleniumhq\selenium\selenium-safari-driver\3.9.1\selenium-safari-driver-3.9.1.jar;C:\Users\agustintontin\.m2\repository\com\fasterxml\classmate\1.3.4\classmate-1.3.4.jar;C:\Users\agustintontin\.m2\repository\org\hibernate\hibernate-core\5.2.17.Final\hibernate-core-5.2.17.Final.jar;C:\Users\agustintontin\.m2\repository\ch\qos\logback\logback-classic\1.2.3\logback-classic-1.2.3.jar;C:\Users\agustintontin\.m2\repository\org\apache\logging\log4j\log4j-api\2.10.0\log4j-api-2.10.0.jar;C:\Users\agustintontin\.m2\repository\javax\annotation\javax.annotation-api\1.3.2\javax.annotation-api-1.3.2.jar;C:\Users\agustintontin\.m2\repository\org\springframework\spring-context\5.0.9.RELEASE\spring-context-5.0.9.RELEASE.jar;C:\Users\agustintontin\.m2\repository\org\jboss\logging\jboss-logging\3.3.2.Final\jboss-logging-3.3.2.Final.jar;C:\Users\agustintontin\.m2\repository\org\springframework\spring-orm\5.0.9.RELEASE\spring-orm-5.0.9.RELEASE.jar;C:\Users\agustintontin\.m2\repository\com\google\code\gson\gson\2.8.5\gson-2.8.5.jar;C:\Users\agustintontin\.m2\repository\org\springframework\spring-jdbc\5.0.9.RELEASE\spring-jdbc-5.0.9.RELEASE.jar;C:\Users\agustintontin\.m2\repository\commons-logging\commons-logging\1.2\commons-logging-1.2.jar;C:\Users\agustintontin\.m2\repository\org\springframework\data\spring-data-commons\2.0.10.RELEASE\spring-data-commons-2.0.10.RELEASE.jar;C:\Users\agustintontin\.m2\repository\dom4j\dom4j\1.6.1\dom4j-1.6.1.jar;C:\Users\agustintontin\.m2\repository\org\springframework\hateoas\spring-hateoas\0.25.0.RELEASE\spring-hateoas-0.25.0.RELEASE.jar;C:\Users\agustintontin\.m2\repository\org\springframework\spring-test\5.0.9.RELEASE\spring-test-5.0.9.RELEASE.jar;C:\Users\agustintontin\.m2\repository\org\springframework\boot\spring-boot-test\2.0.5.RELEASE\spring-boot-test-2.0.5.RELEASE.jar;C:\Users\agustintontin\.m2\repository\org\seleniumhq\selenium\selenium-edge-driver\3.9.1\selenium-edge-driver-3.9.1.jar;C:\Users\agustintontin\.m2\repository\com\google\code\findbugs\jsr305\1.3.9\jsr305-1.3.9.jar;C:\Users\agustintontin\.m2\repository\org\springframework\spring-expression\5.0.9.RELEASE\spring-expression-5.0.9.RELEASE.jar;C:\Users\agustintontin\.m2\repository\org\jboss\jandex\2.0.3.Final\jandex-2.0.3.Final.jar;C:\Users\agustintontin\.m2\repository\org\yaml\snakeyaml\1.19\snakeyaml-1.19.jar;C:\Users\agustintontin\.m2\repository\org\springframework\boot\spring-boot\2.0.5.RELEASE\spring-boot-2.0.5.RELEASE.jar;C:\Users\agustintontin\.m2\repository\org\springframework\spring-beans\5.0.9.RELEASE\spring-beans-5.0.9.RELEASE.jar;C:\Users\agustintontin\.m2\repository\ch\qos\logback\logback-core\1.2.3\logback-core-1.2.3.jar;C:\Users\agustintontin\.m2\repository\com\fasterxml\jackson\core\jackson-databind\2.9.6\jackson-databind-2.9.6.jar;C:\Users\agustintontin\.m2\repository\org\seleniumhq\selenium\selenium-remote-driver\3.9.1\selenium-remote-driver-3.9.1.jar;C:\Users\agustintontin\.m2\repository\org\apache\commons\commons-exec\1.3\commons-exec-1.3.jar;C:\Users\agustintontin\.m2\repository\com\fasterxml\jackson\datatype\jackson-datatype-jdk8\2.9.6\jackson-datatype-jdk8-2.9.6.jar;C:\Users\agustintontin\.m2\repository\org\springframework\spring-jcl\5.0.9.RELEASE\spring-jcl-5.0.9.RELEASE.jar;C:\Users\agustintontin\.m2\repository\org\apache\tomcat\embed\tomcat-embed-el\8.5.34\tomcat-embed-el-8.5.34.jar;C:\Users\agustintontin\.m2\repository\org\springframework\boot\spring-boot-starter-test\2.0.5.RELEASE\spring-boot-starter-test-2.0.5.RELEASE.jar;C:\Users\agustintontin\.m2\repository\com\jayway\jsonpath\json-path\2.4.0\json-path-2.4.0.jar;C:\Users\agustintontin\.m2\repository\org\atteo\evo-inflector\1.2.2\evo-inflector-1.2.2.jar;C:\Users\agustintontin\.m2\repository\org\springframework\boot\spring-boot-starter-json\2.0.5.RELEASE\spring-boot-starter-json-2.0.5.RELEASE.jar;C:\Users\agustintontin\.m2\repository\org\seleniumhq\selenium\selenium-ie-driver\3.9.1\selenium-ie-driver-3.9.1.jar;C:\Users\agustintontin\.m2\repository\org\seleniumhq\selenium\selenium-opera-driver\3.9.1\selenium-opera-driver-3.9.1.jar;C:\Users\agustintontin\.m2\repository\com\fasterxml\jackson\module\jackson-module-parameter-names\2.9.6\jackson-module-parameter-names-2.9.6.jar;C:\Users\agustintontin\.m2\repository\org\springframework\plugin\spring-plugin-core\1.2.0.RELEASE\spring-plugin-core-1.2.0.RELEASE.jar;C:\Users\agustintontin\.m2\repository\org\seleniumhq\selenium\selenium-chrome-driver\3.9.1\selenium-chrome-driver-3.9.1.jar;C:\Users\agustintontin\.m2\repository\org\slf4j\jul-to-slf4j\1.7.25\jul-to-slf4j-1.7.25.jar;C:\Users\agustintontin\.m2\repository\org\springframework\spring-aop\5.0.9.RELEASE\spring-aop-5.0.9.RELEASE.jar;C:\Users\agustintontin\.m2\repository\org\springframework\data\spring-data-rest-webmvc\3.0.10.RELEASE\spring-data-rest-webmvc-3.0.10.RELEASE.jar;C:\Users\agustintontin\.m2\repository\org\springframework\data\spring-data-jpa\2.0.10.RELEASE\spring-data-jpa-2.0.10.RELEASE.jar;C:\Users\agustintontin\.m2\repository\net\minidev\json-smart\2.3\json-smart-2.3.jar;C:\Users\agustintontin\.m2\repository\org\springframework\boot\spring-boot-starter-logging\2.0.5.RELEASE\spring-boot-starter-logging-2.0.5.RELEASE.jar;C:\Users\agustintontin\.m2\repository\org\apache\httpcomponents\httpcore\4.4.10\httpcore-4.4.10.jar;C:\Users\agustintontin\.m2\repository\org\springframework\spring-tx\5.0.9.RELEASE\spring-tx-5.0.9.RELEASE.jar;C:\Users\agustintontin\.m2\repository\org\hamcrest\hamcrest-library\1.3\hamcrest-library-1.3.jar;C:\Users\agustintontin\.m2\repository\org\codehaus\mojo\animal-sniffer-annotations\1.14\animal-sniffer-annotations-1.14.jar;C:\Users\agustintontin\.m2\repository\org\springframework\boot\spring-boot-starter-jdbc\2.0.5.RELEASE\spring-boot-starter-jdbc-2.0.5.RELEASE.jar;C:\Users\agustintontin\.m2\repository\org\springframework\boot\spring-boot-test-autoconfigure\2.0.5.RELEASE\spring-boot-test-autoconfigure-2.0.5.RELEASE.jar;C:\Users\agustintontin\.m2\repository\org\hibernate\validator\hibernate-validator\6.0.12.Final\hibernate-validator-6.0.12.Final.jar;C:\Users\agustintontin\.m2\repository\javax\validation\validation-api\2.0.1.Final\validation-api-2.0.1.Final.jar;C:\Users\agustintontin\.m2\repository\net\minidev\accessors-smart\1.2\accessors-smart-1.2.jar;C:\Users\agustintontin\.m2\repository\org\assertj\assertj-core\3.9.1\assertj-core-3.9.1.jar;C:\Users\agustintontin\.m2\repository\antlr\antlr\2.7.7\antlr-2.7.7.jar;C:\Users\agustintontin\.m2\repository\org\seleniumhq\selenium\selenium-firefox-driver\3.9.1\selenium-firefox-driver-3.9.1.jar;C:\Users\agustintontin\.m2\repository\com\h2database\h2\1.4.199\h2-1.4.199.jar;C:\Users\agustintontin\.m2\repository\org\ow2\asm\asm\5.0.4\asm-5.0.4.jar;C:\Users\agustintontin\.m2\repository\com\fasterxml\jackson\datatype\jackson-datatype-jsr310\2.9.6\jackson-datatype-jsr310-2.9.6.jar;C:\Users\agustintontin\.m2\repository\org\springframework\spring-core\5.0.9.RELEASE\spring-core-5.0.9.RELEASE.jar;C:\Users\agustintontin\.m2\repository\org\springframework\spring-aspects\5.0.9.RELEASE\spring-aspects-5.0.9.RELEASE.jar;C:\Users\agustintontin\.m2\repository\org\xmlunit\xmlunit-core\2.5.1\xmlunit-core-2.5.1.jar;C:\Users\agustintontin\.m2\repository\org\seleniumhq\selenium\selenium-java\3.14.0\selenium-java-3.14.0.jar;C:\Users\agustintontin\.m2\repository\org\hamcrest\hamcrest-core\1.3\hamcrest-core-1.3.jar;C:\Users\agustintontin\.m2\repository\com\fasterxml\jackson\core\jackson-annotations\2.9.0\jackson-annotations-2.9.0.jar;C:\Users\agustintontin\.m2\repository\org\json\json\20160810\json-20160810.jar;C:\Users\agustintontin\.m2\repository\org\seleniumhq\selenium\selenium-support\3.9.1\selenium-support-3.9.1.jar;C:\Users\agustintontin\.m2\repository\com\zaxxer\HikariCP\2.7.9\HikariCP-2.7.9.jar;C:\Users\agustintontin\.m2\repository\commons-codec\commons-codec\1.11\commons-codec-1.11.jar;C:\Users\agustintontin\.m2\repository\com\squareup\okhttp3\okhttp\3.10.0\okhttp-3.10.0.jar;C:\Users\agustintontin\.m2\repository\net\bytebuddy\byte-buddy\1.7.11\byte-buddy-1.7.11.jar;C:\Users\agustintontin\.m2\repository\org\checkerframework\checker-compat-qual\2.0.0\checker-compat-qual-2.0.0.jar;C:\Users\agustintontin\.m2\repository\org\javassist\javassist\3.22.0-GA\javassist-3.22.0-GA.jar;C:\Users\agustintontin\.m2\repository\org\apache\tomcat\embed\tomcat-embed-websocket\8.5.34\tomcat-embed-websocket-8.5.34.jar;C:\Users\agustintontin\.m2\repository\com\google\j2objc\j2objc-annotations\1.1\j2objc-annotations-1.1.jar;C:\Users\agustintontin\.m2\repository\com\squareup\okio\okio\1.14.1\okio-1.14.1.jar;C:\Users\agustintontin\.m2\repository\org\springframework\spring-messaging\5.0.9.RELEASE\spring-messaging-5.0.9.RELEASE.jar;C:\Users\agustintontin\.m2\repository\org\aspectj\aspectjweaver\1.8.13\aspectjweaver-1.8.13.jar;C:\Users\agustintontin\.m2\repository\org\springframework\boot\spring-boot-starter-websocket\2.0.5.RELEASE\spring-boot-starter-websocket-2.0.5.RELEASE.jar;C:\Users\agustintontin\.m2\repository\org\springframework\boot\spring-boot-autoconfigure\2.0.5.RELEASE\spring-boot-autoconfigure-2.0.5.RELEASE.jar;C:\Users\agustintontin\.m2\repository\net\bytebuddy\byte-buddy-agent\1.7.11\byte-buddy-agent-1.7.11.jar;C:\Users\agustintontin\.m2\repository\org\springframework\spring-web\5.0.9.RELEASE\spring-web-5.0.9.RELEASE.jar;C:\Users\agustintontin\.m2\repository\com\google\errorprone\error_prone_annotations\2.1.3\error_prone_annotations-2.1.3.jar;C:\Users\agustintontin\.m2\repository\com\google\guava\guava\25.0-jre\guava-25.0-jre.jar;C:\Users\agustintontin\.m2\repository\org\springframework\boot\spring-boot-starter-tomcat\2.0.5.RELEASE\spring-boot-starter-tomcat-2.0.5.RELEASE.jar;C:\Users\agustintontin\.m2\repository\org\springframework\boot\spring-boot-starter-data-rest\2.0.5.RELEASE\spring-boot-starter-data-rest-2.0.5.RELEASE.jar;C:\Users\agustintontin\.m2\repository\com\fasterxml\jackson\core\jackson-core\2.9.6\jackson-core-2.9.6.jar;C:\Users\agustintontin\.m2\repository\org\springframework\spring-webmvc\5.0.9.RELEASE\spring-webmvc-5.0.9.RELEASE.jar;C:\Users\agustintontin\.m2\repository\junit\junit\4.12\junit-4.12.jar;C:\Users\agustintontin\.m2\repository\org\slf4j\slf4j-api\1.7.25\slf4j-api-1.7.25.jar;C:\Users\agustintontin\.m2\repository\javax\transaction\javax.transaction-api\1.2\javax.transaction-api-1.2.jar;C:\Users\agustintontin\.m2\repository\org\apache\httpcomponents\httpclient\4.5.6\httpclient-4.5.6.jar;C:\Users\agustintontin\.m2\repository\org\hibernate\javax\persistence\hibernate-jpa-2.1-api\1.0.2.Final\hibernate-jpa-2.1-api-1.0.2.Final.jar;C:\Users\agustintontin\.m2\repository\org\mockito\mockito-core\2.15.0\mockito-core-2.15.0.jar;C:\Users\agustintontin\.m2\repository\com\vaadin\external\google\android-json\0.0.20131108.vaadin1\android-json-0.0.20131108.vaadin1.jar;C:\Users\agustintontin\.m2\repository\org\springframework\boot\spring-boot-devtools\2.0.5.RELEASE\spring-boot-devtools-2.0.5.RELEASE.jar;C:\Users\agustintontin\.m2\repository\org\springframework\data\spring-data-rest-core\3.0.10.RELEASE\spring-data-rest-core-3.0.10.RELEASE.jar;C:\Users\agustintontin\.m2\repository\org\springframework\spring-websocket\5.0.9.RELEASE\spring-websocket-5.0.9.RELEASE.jar;C:\Users\agustintontin\.m2\repository\org\springframework\boot\spring-boot-starter-data-jpa\2.0.5.RELEASE\spring-boot-starter-data-jpa-2.0.5.RELEASE.jar;C:\Users\agustintontin\.m2\repository\org\apache\logging\log4j\log4j-to-slf4j\2.10.0\log4j-to-slf4j-2.10.0.jar;C:\Users\agustintontin\.m2\repository\org\seleniumhq\selenium\selenium-api\3.9.1\selenium-api-3.9.1.jar;"/>
    <property name="java.vm.vendor" value="Oracle Corporation"/>
    <property name="sun.arch.data.model" value="64"/>
    <property name="user.variant" value=""/>
    <property name="java.vendor.url" value="http://java.oracle.com/"/>
    <property name="user.timezone" value=""/>
    <property name="java.vm.specification.version" value="1.8"/>
    <property name="os.name" value="Windows 10"/>
    <property name="user.country" value="ES"/>
    <property name="sun.java.launcher" value="SUN_STANDARD"/>
    <property name="sun.boot.library.path" value="C:\Program Files\Java\jdk1.8.0_201\jre\bin"/>
    <property name="sun.java.command" value="C:\Users\AGUSTI~1\AppData\Local\Temp\surefire1871909275588907118\surefirebooter48861918353156631.jar C:\Users\agustintontin\AppData\Local\Temp\surefire1871909275588907118 2019-12-26T13-31-56_778-jvmRun1 surefire7008885264466569420tmp surefire_02673711740067084368tmp"/>
    <property name="surefire.test.class.path" value="C:\Users\agustintontin\git\banco20193capas\target\test-classes;C:\Users\agustintontin\git\banco20193capas\target\classes;C:\Users\agustintontin\.m2\repository\org\skyscreamer\jsonassert\1.5.0\jsonassert-1.5.0.jar;C:\Users\agustintontin\.m2\repository\org\springframework\boot\spring-boot-starter-aop\2.0.5.RELEASE\spring-boot-starter-aop-2.0.5.RELEASE.jar;C:\Users\agustintontin\.m2\repository\org\hibernate\common\hibernate-commons-annotations\5.0.1.Final\hibernate-commons-annotations-5.0.1.Final.jar;C:\Users\agustintontin\.m2\repository\org\springframework\boot\spring-boot-starter\2.0.5.RELEASE\spring-boot-starter-2.0.5.RELEASE.jar;C:\Users\agustintontin\.m2\repository\org\springframework\boot\spring-boot-starter-web\2.0.5.RELEASE\spring-boot-starter-web-2.0.5.RELEASE.jar;C:\Users\agustintontin\.m2\repository\org\objenesis\objenesis\2.6\objenesis-2.6.jar;C:\Users\agustintontin\.m2\repository\org\apache\tomcat\embed\tomcat-embed-core\8.5.34\tomcat-embed-core-8.5.34.jar;C:\Users\agustintontin\.m2\repository\org\seleniumhq\selenium\selenium-safari-driver\3.9.1\selenium-safari-driver-3.9.1.jar;C:\Users\agustintontin\.m2\repository\com\fasterxml\classmate\1.3.4\classmate-1.3.4.jar;C:\Users\agustintontin\.m2\repository\org\hibernate\hibernate-core\5.2.17.Final\hibernate-core-5.2.17.Final.jar;C:\Users\agustintontin\.m2\repository\ch\qos\logback\logback-classic\1.2.3\logback-classic-1.2.3.jar;C:\Users\agustintontin\.m2\repository\org\apache\logging\log4j\log4j-api\2.10.0\log4j-api-2.10.0.jar;C:\Users\agustintontin\.m2\repository\javax\annotation\javax.annotation-api\1.3.2\javax.annotation-api-1.3.2.jar;C:\Users\agustintontin\.m2\repository\org\springframework\spring-context\5.0.9.RELEASE\spring-context-5.0.9.RELEASE.jar;C:\Users\agustintontin\.m2\repository\org\jboss\logging\jboss-logging\3.3.2.Final\jboss-logging-3.3.2.Final.jar;C:\Users\agustintontin\.m2\repository\org\springframework\spring-orm\5.0.9.RELEASE\spring-orm-5.0.9.RELEASE.jar;C:\Users\agustintontin\.m2\repository\com\google\code\gson\gson\2.8.5\gson-2.8.5.jar;C:\Users\agustintontin\.m2\repository\org\springframework\spring-jdbc\5.0.9.RELEASE\spring-jdbc-5.0.9.RELEASE.jar;C:\Users\agustintontin\.m2\repository\commons-logging\commons-logging\1.2\commons-logging-1.2.jar;C:\Users\agustintontin\.m2\repository\org\springframework\data\spring-data-commons\2.0.10.RELEASE\spring-data-commons-2.0.10.RELEASE.jar;C:\Users\agustintontin\.m2\repository\dom4j\dom4j\1.6.1\dom4j-1.6.1.jar;C:\Users\agustintontin\.m2\repository\org\springframework\hateoas\spring-hateoas\0.25.0.RELEASE\spring-hateoas-0.25.0.RELEASE.jar;C:\Users\agustintontin\.m2\repository\org\springframework\spring-test\5.0.9.RELEASE\spring-test-5.0.9.RELEASE.jar;C:\Users\agustintontin\.m2\repository\org\springframework\boot\spring-boot-test\2.0.5.RELEASE\spring-boot-test-2.0.5.RELEASE.jar;C:\Users\agustintontin\.m2\repository\org\seleniumhq\selenium\selenium-edge-driver\3.9.1\selenium-edge-driver-3.9.1.jar;C:\Users\agustintontin\.m2\repository\com\google\code\findbugs\jsr305\1.3.9\jsr305-1.3.9.jar;C:\Users\agustintontin\.m2\repository\org\springframework\spring-expression\5.0.9.RELEASE\spring-expression-5.0.9.RELEASE.jar;C:\Users\agustintontin\.m2\repository\org\jboss\jandex\2.0.3.Final\jandex-2.0.3.Final.jar;C:\Users\agustintontin\.m2\repository\org\yaml\snakeyaml\1.19\snakeyaml-1.19.jar;C:\Users\agustintontin\.m2\repository\org\springframework\boot\spring-boot\2.0.5.RELEASE\spring-boot-2.0.5.RELEASE.jar;C:\Users\agustintontin\.m2\repository\org\springframework\spring-beans\5.0.9.RELEASE\spring-beans-5.0.9.RELEASE.jar;C:\Users\agustintontin\.m2\repository\ch\qos\logback\logback-core\1.2.3\logback-core-1.2.3.jar;C:\Users\agustintontin\.m2\repository\com\fasterxml\jackson\core\jackson-databind\2.9.6\jackson-databind-2.9.6.jar;C:\Users\agustintontin\.m2\repository\org\seleniumhq\selenium\selenium-remote-driver\3.9.1\selenium-remote-driver-3.9.1.jar;C:\Users\agustintontin\.m2\repository\org\apache\commons\commons-exec\1.3\commons-exec-1.3.jar;C:\Users\agustintontin\.m2\repository\com\fasterxml\jackson\datatype\jackson-datatype-jdk8\2.9.6\jackson-datatype-jdk8-2.9.6.jar;C:\Users\agustintontin\.m2\repository\org\springframework\spring-jcl\5.0.9.RELEASE\spring-jcl-5.0.9.RELEASE.jar;C:\Users\agustintontin\.m2\repository\org\apache\tomcat\embed\tomcat-embed-el\8.5.34\tomcat-embed-el-8.5.34.jar;C:\Users\agustintontin\.m2\repository\org\springframework\boot\spring-boot-starter-test\2.0.5.RELEASE\spring-boot-starter-test-2.0.5.RELEASE.jar;C:\Users\agustintontin\.m2\repository\com\jayway\jsonpath\json-path\2.4.0\json-path-2.4.0.jar;C:\Users\agustintontin\.m2\repository\org\atteo\evo-inflector\1.2.2\evo-inflector-1.2.2.jar;C:\Users\agustintontin\.m2\repository\org\springframework\boot\spring-boot-starter-json\2.0.5.RELEASE\spring-boot-starter-json-2.0.5.RELEASE.jar;C:\Users\agustintontin\.m2\repository\org\seleniumhq\selenium\selenium-ie-driver\3.9.1\selenium-ie-driver-3.9.1.jar;C:\Users\agustintontin\.m2\repository\org\seleniumhq\selenium\selenium-opera-driver\3.9.1\selenium-opera-driver-3.9.1.jar;C:\Users\agustintontin\.m2\repository\com\fasterxml\jackson\module\jackson-module-parameter-names\2.9.6\jackson-module-parameter-names-2.9.6.jar;C:\Users\agustintontin\.m2\repository\org\springframework\plugin\spring-plugin-core\1.2.0.RELEASE\spring-plugin-core-1.2.0.RELEASE.jar;C:\Users\agustintontin\.m2\repository\org\seleniumhq\selenium\selenium-chrome-driver\3.9.1\selenium-chrome-driver-3.9.1.jar;C:\Users\agustintontin\.m2\repository\org\slf4j\jul-to-slf4j\1.7.25\jul-to-slf4j-1.7.25.jar;C:\Users\agustintontin\.m2\repository\org\springframework\spring-aop\5.0.9.RELEASE\spring-aop-5.0.9.RELEASE.jar;C:\Users\agustintontin\.m2\repository\org\springframework\data\spring-data-rest-webmvc\3.0.10.RELEASE\spring-data-rest-webmvc-3.0.10.RELEASE.jar;C:\Users\agustintontin\.m2\repository\org\springframework\data\spring-data-jpa\2.0.10.RELEASE\spring-data-jpa-2.0.10.RELEASE.jar;C:\Users\agustintontin\.m2\repository\net\minidev\json-smart\2.3\json-smart-2.3.jar;C:\Users\agustintontin\.m2\repository\org\springframework\boot\spring-boot-starter-logging\2.0.5.RELEASE\spring-boot-starter-logging-2.0.5.RELEASE.jar;C:\Users\agustintontin\.m2\repository\org\apache\httpcomponents\httpcore\4.4.10\httpcore-4.4.10.jar;C:\Users\agustintontin\.m2\repository\org\springframework\spring-tx\5.0.9.RELEASE\spring-tx-5.0.9.RELEASE.jar;C:\Users\agustintontin\.m2\repository\org\hamcrest\hamcrest-library\1.3\hamcrest-library-1.3.jar;C:\Users\agustintontin\.m2\repository\org\codehaus\mojo\animal-sniffer-annotations\1.14\animal-sniffer-annotations-1.14.jar;C:\Users\agustintontin\.m2\repository\org\springframework\boot\spring-boot-starter-jdbc\2.0.5.RELEASE\spring-boot-starter-jdbc-2.0.5.RELEASE.jar;C:\Users\agustintontin\.m2\repository\org\springframework\boot\spring-boot-test-autoconfigure\2.0.5.RELEASE\spring-boot-test-autoconfigure-2.0.5.RELEASE.jar;C:\Users\agustintontin\.m2\repository\org\hibernate\validator\hibernate-validator\6.0.12.Final\hibernate-validator-6.0.12.Final.jar;C:\Users\agustintontin\.m2\repository\javax\validation\validation-api\2.0.1.Final\validation-api-2.0.1.Final.jar;C:\Users\agustintontin\.m2\repository\net\minidev\accessors-smart\1.2\accessors-smart-1.2.jar;C:\Users\agustintontin\.m2\repository\org\assertj\assertj-core\3.9.1\assertj-core-3.9.1.jar;C:\Users\agustintontin\.m2\repository\antlr\antlr\2.7.7\antlr-2.7.7.jar;C:\Users\agustintontin\.m2\repository\org\seleniumhq\selenium\selenium-firefox-driver\3.9.1\selenium-firefox-driver-3.9.1.jar;C:\Users\agustintontin\.m2\repository\com\h2database\h2\1.4.199\h2-1.4.199.jar;C:\Users\agustintontin\.m2\repository\org\ow2\asm\asm\5.0.4\asm-5.0.4.jar;C:\Users\agustintontin\.m2\repository\com\fasterxml\jackson\datatype\jackson-datatype-jsr310\2.9.6\jackson-datatype-jsr310-2.9.6.jar;C:\Users\agustintontin\.m2\repository\org\springframework\spring-core\5.0.9.RELEASE\spring-core-5.0.9.RELEASE.jar;C:\Users\agustintontin\.m2\repository\org\springframework\spring-aspects\5.0.9.RELEASE\spring-aspects-5.0.9.RELEASE.jar;C:\Users\agustintontin\.m2\repository\org\xmlunit\xmlunit-core\2.5.1\xmlunit-core-2.5.1.jar;C:\Users\agustintontin\.m2\repository\org\seleniumhq\selenium\selenium-java\3.14.0\selenium-java-3.14.0.jar;C:\Users\agustintontin\.m2\repository\org\hamcrest\hamcrest-core\1.3\hamcrest-core-1.3.jar;C:\Users\agustintontin\.m2\repository\com\fasterxml\jackson\core\jackson-annotations\2.9.0\jackson-annotations-2.9.0.jar;C:\Users\agustintontin\.m2\repository\org\json\json\20160810\json-20160810.jar;C:\Users\agustintontin\.m2\repository\org\seleniumhq\selenium\selenium-support\3.9.1\selenium-support-3.9.1.jar;C:\Users\agustintontin\.m2\repository\com\zaxxer\HikariCP\2.7.9\HikariCP-2.7.9.jar;C:\Users\agustintontin\.m2\repository\commons-codec\commons-codec\1.11\commons-codec-1.11.jar;C:\Users\agustintontin\.m2\repository\com\squareup\okhttp3\okhttp\3.10.0\okhttp-3.10.0.jar;C:\Users\agustintontin\.m2\repository\net\bytebuddy\byte-buddy\1.7.11\byte-buddy-1.7.11.jar;C:\Users\agustintontin\.m2\repository\org\checkerframework\checker-compat-qual\2.0.0\checker-compat-qual-2.0.0.jar;C:\Users\agustintontin\.m2\repository\org\javassist\javassist\3.22.0-GA\javassist-3.22.0-GA.jar;C:\Users\agustintontin\.m2\repository\org\apache\tomcat\embed\tomcat-embed-websocket\8.5.34\tomcat-embed-websocket-8.5.34.jar;C:\Users\agustintontin\.m2\repository\com\google\j2objc\j2objc-annotations\1.1\j2objc-annotations-1.1.jar;C:\Users\agustintontin\.m2\repository\com\squareup\okio\okio\1.14.1\okio-1.14.1.jar;C:\Users\agustintontin\.m2\repository\org\springframework\spring-messaging\5.0.9.RELEASE\spring-messaging-5.0.9.RELEASE.jar;C:\Users\agustintontin\.m2\repository\org\aspectj\aspectjweaver\1.8.13\aspectjweaver-1.8.13.jar;C:\Users\agustintontin\.m2\repository\org\springframework\boot\spring-boot-starter-websocket\2.0.5.RELEASE\spring-boot-starter-websocket-2.0.5.RELEASE.jar;C:\Users\agustintontin\.m2\repository\org\springframework\boot\spring-boot-autoconfigure\2.0.5.RELEASE\spring-boot-autoconfigure-2.0.5.RELEASE.jar;C:\Users\agustintontin\.m2\repository\net\bytebuddy\byte-buddy-agent\1.7.11\byte-buddy-agent-1.7.11.jar;C:\Users\agustintontin\.m2\repository\org\springframework\spring-web\5.0.9.RELEASE\spring-web-5.0.9.RELEASE.jar;C:\Users\agustintontin\.m2\repository\com\google\errorprone\error_prone_annotations\2.1.3\error_prone_annotations-2.1.3.jar;C:\Users\agustintontin\.m2\repository\com\google\guava\guava\25.0-jre\guava-25.0-jre.jar;C:\Users\agustintontin\.m2\repository\org\springframework\boot\spring-boot-starter-tomcat\2.0.5.RELEASE\spring-boot-starter-tomcat-2.0.5.RELEASE.jar;C:\Users\agustintontin\.m2\repository\org\springframework\boot\spring-boot-starter-data-rest\2.0.5.RELEASE\spring-boot-starter-data-rest-2.0.5.RELEASE.jar;C:\Users\agustintontin\.m2\repository\com\fasterxml\jackson\core\jackson-core\2.9.6\jackson-core-2.9.6.jar;C:\Users\agustintontin\.m2\repository\org\springframework\spring-webmvc\5.0.9.RELEASE\spring-webmvc-5.0.9.RELEASE.jar;C:\Users\agustintontin\.m2\repository\junit\junit\4.12\junit-4.12.jar;C:\Users\agustintontin\.m2\repository\org\slf4j\slf4j-api\1.7.25\slf4j-api-1.7.25.jar;C:\Users\agustintontin\.m2\repository\javax\transaction\javax.transaction-api\1.2\javax.transaction-api-1.2.jar;C:\Users\agustintontin\.m2\repository\org\apache\httpcomponents\httpclient\4.5.6\httpclient-4.5.6.jar;C:\Users\agustintontin\.m2\repository\org\hibernate\javax\persistence\hibernate-jpa-2.1-api\1.0.2.Final\hibernate-jpa-2.1-api-1.0.2.Final.jar;C:\Users\agustintontin\.m2\repository\org\mockito\mockito-core\2.15.0\mockito-core-2.15.0.jar;C:\Users\agustintontin\.m2\repository\com\vaadin\external\google\android-json\0.0.20131108.vaadin1\android-json-0.0.20131108.vaadin1.jar;C:\Users\agustintontin\.m2\repository\org\springframework\boot\spring-boot-devtools\2.0.5.RELEASE\spring-boot-devtools-2.0.5.RELEASE.jar;C:\Users\agustintontin\.m2\repository\org\springframework\data\spring-data-rest-core\3.0.10.RELEASE\spring-data-rest-core-3.0.10.RELEASE.jar;C:\Users\agustintontin\.m2\repository\org\springframework\spring-websocket\5.0.9.RELEASE\spring-websocket-5.0.9.RELEASE.jar;C:\Users\agustintontin\.m2\repository\org\springframework\boot\spring-boot-starter-data-jpa\2.0.5.RELEASE\spring-boot-starter-data-jpa-2.0.5.RELEASE.jar;C:\Users\agustintontin\.m2\repository\org\apache\logging\log4j\log4j-to-slf4j\2.10.0\log4j-to-slf4j-2.10.0.jar;C:\Users\agustintontin\.m2\repository\org\seleniumhq\selenium\selenium-api\3.9.1\selenium-api-3.9.1.jar;"/>
    <property name="sun.cpu.endian" value="little"/>
    <property name="user.home" value="C:\Users\agustintontin"/>
    <property name="user.language" value="es"/>
    <property name="java.specification.vendor" value="Oracle Corporation"/>
    <property name="java.home" value="C:\Program Files\Java\jdk1.8.0_201\jre"/>
    <property name="basedir" value="C:\Users\agustintontin\git\banco20193capas"/>
    <property name="file.separator" value="\"/>
    <property name="line.separator" value="&#10;"/>
    <property name="java.vm.specification.vendor" value="Oracle Corporation"/>
    <property name="java.specification.name" value="Java Platform API Specification"/>
    <property name="java.awt.graphicsenv" value="sun.awt.Win32GraphicsEnvironment"/>
    <property name="surefire.real.class.path" value="C:\Users\AGUSTI~1\AppData\Local\Temp\surefire1871909275588907118\surefirebooter48861918353156631.jar;C:\\Users\\agustintontin\\.m2\\repository\\org\\jacoco\\org.jacoco.agent\\0.7.9\\org.jacoco.agent-0.7.9-runtime.jar"/>
    <property name="sun.boot.class.path" value="C:\Program Files\Java\jdk1.8.0_201\jre\lib\resources.jar;C:\Program Files\Java\jdk1.8.0_201\jre\lib\rt.jar;C:\Program Files\Java\jdk1.8.0_201\jre\lib\sunrsasign.jar;C:\Program Files\Java\jdk1.8.0_201\jre\lib\jsse.jar;C:\Program Files\Java\jdk1.8.0_201\jre\lib\jce.jar;C:\Program Files\Java\jdk1.8.0_201\jre\lib\charsets.jar;C:\Program Files\Java\jdk1.8.0_201\jre\lib\jfr.jar;C:\Program Files\Java\jdk1.8.0_201\jre\classes"/>
    <property name="user.script" value=""/>
    <property name="sun.management.compiler" value="HotSpot 64-Bit Tiered Compilers"/>
    <property name="java.runtime.version" value="1.8.0_201-b09"/>
    <property name="user.name" value="agustintontin"/>
    <property name="path.separator" value=";"/>
    <property name="os.version" value="10.0"/>
    <property name="java.endorsed.dirs" value="C:\Program Files\Java\jdk1.8.0_201\jre\lib\endorsed"/>
    <property name="java.runtime.name" value="Java(TM) SE Runtime Environment"/>
    <property name="file.encoding" value="Cp1252"/>
    <property name="java.vm.name" value="Java HotSpot(TM) 64-Bit Server VM"/>
    <property name="localRepository" value="C:\Users\agustintontin\.m2\repository"/>
    <property name="java.vendor.url.bug" value="http://bugreport.sun.com/bugreport/"/>
    <property name="java.io.tmpdir" value="C:\Users\AGUSTI~1\AppData\Local\Temp\"/>
    <property name="java.version" value="1.8.0_201"/>
    <property name="user.dir" value="C:\Users\agustintontin\git\banco20193capas"/>
    <property name="os.arch" value="amd64"/>
    <property name="java.vm.specification.name" value="Java Virtual Machine Specification"/>
    <property name="java.awt.printerjob" value="sun.awt.windows.WPrinterJob"/>
    <property name="sun.os.patch.level" value=""/>
    <property name="java.library.path" value="C:\Program Files\Java\jdk1.8.0_201\jre\bin;C:\WINDOWS\Sun\Java\bin;C:\WINDOWS\system32;C:\WINDOWS;C:/Program Files/Java/jre1.8.0_231/bin/server;C:/Program Files/Java/jre1.8.0_231/bin;C:/Program Files/Java/jre1.8.0_231/lib/amd64;C:\Program Files (x86)\Common Files\Oracle\Java\javapath;C:\WINDOWS\system32;C:\WINDOWS;C:\WINDOWS\System32\Wbem;C:\WINDOWS\System32\WindowsPowerShell\v1.0\;C:\WINDOWS\System32\OpenSSH\;C:\Program Files\dotnet\;C:\Program Files\Git\cmd;C:\Users\agustintontin\AppData\Local\Microsoft\WindowsApps;C:\Users\agustintontin\apache-maven-3.6.2\bin;C:\Program Files\Java\jdk1.8.0_201\bin;;C:\Users\agustintontin\Desktop\eclipse;;."/>
    <property name="java.vm.info" value="mixed mode"/>
    <property name="java.vendor" value="Oracle Corporation"/>
    <property name="java.vm.version" value="25.201-b09"/>
    <property name="java.ext.dirs" value="C:\Program Files\Java\jdk1.8.0_201\jre\lib\ext;C:\WINDOWS\Sun\Java\lib\ext"/>
    <property name="sun.io.unicode.encoding" value="UnicodeLittle"/>
    <property name="java.class.version" value="52.0"/>
  </properties>
  <testcase name="testNormal13" classname="edu.uclm.esi.iso2.banco20193capas.TestCuentaConFixtures" time="0"/>
  <testcase name="testNormal14" classname="edu.uclm.esi.iso2.banco20193capas.TestCuentaConFixtures" time="0"/>
  <testcase name="testNormal17" classname="edu.uclm.esi.iso2.banco20193capas.TestCuentaConFixtures" time="0.019"/>
  <testcase name="testNormal18" classname="edu.uclm.esi.iso2.banco20193capas.TestCuentaConFixtures" time="0.151"/>
  <testcase name="testSaldoInsuficienteException19" classname="edu.uclm.esi.iso2.banco20193capas.TestCuentaConFixtures" time="0.106"/>
  <testcase name="testSaldoInsuficienteException20" classname="edu.uclm.esi.iso2.banco20193capas.TestCuentaConFixtures" time="0.124"/>
  <testcase name="testSaldoInsuficienteException42" classname="edu.uclm.esi.iso2.banco20193capas.TestCuentaConFixtures" time="0.11"/>
  <testcase name="testSaldoInsuficienteException43" classname="edu.uclm.esi.iso2.banco20193capas.TestCuentaConFixtures" time="0.113"/>
  <testcase name="testImporteInvalido1" classname="edu.uclm.esi.iso2.banco20193capas.TestCuentaConFixtures" time="0.106"/>
  <testcase name="testImporteInvalido2" classname="edu.uclm.esi.iso2.banco20193capas.TestCuentaConFixtures" time="0.098"/>
  <testcase name="testImporteInvalido3" classname="edu.uclm.esi.iso2.banco20193capas.TestCuentaConFixtures" time="0.133"/>
  <testcase name="testImporteInvalido4" classname="edu.uclm.esi.iso2.banco20193capas.TestCuentaConFixtures" time="0.112"/>
  <testcase name="testImporteInvalido5" classname="edu.uclm.esi.iso2.banco20193capas.TestCuentaConFixtures" time="0.147"/>
  <testcase name="testImporteInvalido6" classname="edu.uclm.esi.iso2.banco20193capas.TestCuentaConFixtures" time="0.13"/>
  <testcase name="testImporteInvalido7" classname="edu.uclm.esi.iso2.banco20193capas.TestCuentaConFixtures" time="0.098"/>
  <testcase name="testImporteInvalido8" classname="edu.uclm.esi.iso2.banco20193capas.TestCuentaConFixtures" time="0.1"/>
  <testcase name="testImporteInvalido9" classname="edu.uclm.esi.iso2.banco20193capas.TestCuentaConFixtures" time="0.085"/>
  <testcase name="testImporteInvalido12" classname="edu.uclm.esi.iso2.banco20193capas.TestCuentaConFixtures" time="0.08"/>
  <testcase name="testImporteInvalido15" classname="edu.uclm.esi.iso2.banco20193capas.TestCuentaConFixtures" time="0.092"/>
  <testcase name="testImporteInvalido21" classname="edu.uclm.esi.iso2.banco20193capas.TestCuentaConFixtures" time="0.076"/>
  <testcase name="testImporteInvalido22" classname="edu.uclm.esi.iso2.banco20193capas.TestCuentaConFixtures" time="0.084"/>
  <testcase name="testImporteInvalido23" classname="edu.uclm.esi.iso2.banco20193capas.TestCuentaConFixtures" time="0.08"/>
  <testcase name="testImporteInvalido24" classname="edu.uclm.esi.iso2.banco20193capas.TestCuentaConFixtures" time="0.087"/>
  <testcase name="testImporteInvalido25" classname="edu.uclm.esi.iso2.banco20193capas.TestCuentaConFixtures" time="0.072"/>
  <testcase name="testImporteInvalido26" classname="edu.uclm.esi.iso2.banco20193capas.TestCuentaConFixtures" time="0.081"/>
  <testcase name="testImporteInvalido29" classname="edu.uclm.esi.iso2.banco20193capas.TestCuentaConFixtures" time="0.126"/>
  <testcase name="testImporteInvalido30" classname="edu.uclm.esi.iso2.banco20193capas.TestCuentaConFixtures" time="0.094"/>
  <testcase name="testImporteInvalido31" classname="edu.uclm.esi.iso2.banco20193capas.TestCuentaConFixtures" time="0.106"/>
  <testcase name="testImporteInvalido36" classname="edu.uclm.esi.iso2.banco20193capas.TestCuentaConFixtures" time="0.11"/>
  <testcase name="testImporteInvalido37" classname="edu.uclm.esi.iso2.banco20193capas.TestCuentaConFixtures" time="0.085"/>
  <testcase name="testImporteInvalido38" classname="edu.uclm.esi.iso2.banco20193capas.TestCuentaConFixtures" time="0.081"/>
  <testcase name="testImporteInvalido41" classname="edu.uclm.esi.iso2.banco20193capas.TestCuentaConFixtures" time="0.092"/>
  <testcase name="testImporteInvalido46" classname="edu.uclm.esi.iso2.banco20193capas.TestCuentaConFixtures" time="0.069"/>
  <testcase name="testImporteInvalido47" classname="edu.uclm.esi.iso2.banco20193capas.TestCuentaConFixtures" time="0.07"/>
  <testcase name="testImporteInvalido48" classname="edu.uclm.esi.iso2.banco20193capas.TestCuentaConFixtures" time="0.072"/>
  <testcase name="testImporteInvalido49" classname="edu.uclm.esi.iso2.banco20193capas.TestCuentaConFixtures" time="0.072"/>
  <testcase name="testImporteInvalido50" classname="edu.uclm.esi.iso2.banco20193capas.TestCuentaConFixtures" time="0.069"/>
  <testcase name="testImporteInvalido51" classname="edu.uclm.esi.iso2.banco20193capas.TestCuentaConFixtures" time="0.068"/>
  <testcase name="testImporteInvalido54" classname="edu.uclm.esi.iso2.banco20193capas.TestCuentaConFixtures" time="0.056"/>
  <testcase name="testImporteInvalido55" classname="edu.uclm.esi.iso2.banco20193capas.TestCuentaConFixtures" time="0.06"/>
  <testcase name="testImporteInvalido61" classname="edu.uclm.esi.iso2.banco20193capas.TestCuentaConFixtures" time="0.058"/>
  <testcase name="testImporteInvalido62" classname="edu.uclm.esi.iso2.banco20193capas.TestCuentaConFixtures" time="0.078"/>
  <testcase name="testImporteInvalido66" classname="edu.uclm.esi.iso2.banco20193capas.TestCuentaConFixtures" time="0.074"/>
  <testcase name="testImporteInvalido75" classname="edu.uclm.esi.iso2.banco20193capas.TestCuentaConFixtures" time="0.068"/>
  <testcase name="testImporteInvalido10_B" classname="edu.uclm.esi.iso2.banco20193capas.TestCuentaConFixtures" time="0.104"/>
  <testcase name="testImporteInvalido11_B" classname="edu.uclm.esi.iso2.banco20193capas.TestCuentaConFixtures" time="0.077"/>
  <testcase name="testImporteInvalido16_B" classname="edu.uclm.esi.iso2.banco20193capas.TestCuentaConFixtures" time="0.083"/>
  <testcase name="testImporteInvalido27_B" classname="edu.uclm.esi.iso2.banco20193capas.TestCuentaConFixtures" time="0.069"/>
  <testcase name="testImporteInvalido28_B" classname="edu.uclm.esi.iso2.banco20193capas.TestCuentaConFixtures" time="0.073"/>
  <testcase name="testImporteInvalido32_B" classname="edu.uclm.esi.iso2.banco20193capas.TestCuentaConFixtures" time="0.054"/>
  <testcase name="testImporteInvalido33_B" classname="edu.uclm.esi.iso2.banco20193capas.TestCuentaConFixtures" time="0.062"/>
  <testcase name="testImporteInvalido34_B" classname="edu.uclm.esi.iso2.banco20193capas.TestCuentaConFixtures" time="0.072"/>
  <testcase name="testImporteInvalido35_B" classname="edu.uclm.esi.iso2.banco20193capas.TestCuentaConFixtures" time="0.064"/>
  <testcase name="testImporteInvalido40_B" classname="edu.uclm.esi.iso2.banco20193capas.TestCuentaConFixtures" time="0.066"/>
  <testcase name="testImporteInvalido44_B" classname="edu.uclm.esi.iso2.banco20193capas.TestCuentaConFixtures" time="0.052"/>
  <testcase name="testImporteInvalido45_B" classname="edu.uclm.esi.iso2.banco20193capas.TestCuentaConFixtures" time="0.065"/>
  <testcase name="testImporteInvalido52_B" classname="edu.uclm.esi.iso2.banco20193capas.TestCuentaConFixtures" time="0.07"/>
  <testcase name="testImporteInvalido53_B" classname="edu.uclm.esi.iso2.banco20193capas.TestCuentaConFixtures" time="0.054"/>
  <testcase name="testImporteInvalido56_B" classname="edu.uclm.esi.iso2.banco20193capas.TestCuentaConFixtures" time="0.063"/>
  <testcase name="testImporteInvalido57_B" classname="edu.uclm.esi.iso2.banco20193capas.TestCuentaConFixtures" time="0.057"/>
  <testcase name="testImporteInvalido58_B" classname="edu.uclm.esi.iso2.banco20193capas.TestCuentaConFixtures" time="0.052"/>
  <testcase name="testImporteInvalido59_B" classname="edu.uclm.esi.iso2.banco20193capas.TestCuentaConFixtures" time="0.063"/>
  <testcase name="testImporteInvalido60_B" classname="edu.uclm.esi.iso2.banco20193capas.TestCuentaConFixtures" time="0.063"/>
  <testcase name="testImporteInvalido63_B" classname="edu.uclm.esi.iso2.banco20193capas.TestCuentaConFixtures" time="0.058"/>
  <testcase name="testImporteInvalido65_B" classname="edu.uclm.esi.iso2.banco20193capas.TestCuentaConFixtures" time="0.085"/>
  <testcase name="testImporteInvalido69_B" classname="edu.uclm.esi.iso2.banco20193capas.TestCuentaConFixtures" time="0.076"/>
  <testcase name="testImporteInvalido70_B" classname="edu.uclm.esi.iso2.banco20193capas.TestCuentaConFixtures" time="0.074"/>
  <testcase name="testImporteInvalido71_B" classname="edu.uclm.esi.iso2.banco20193capas.TestCuentaConFixtures" time="0.072"/>
  <testcase name="testImporteInvalido72_B" classname="edu.uclm.esi.iso2.banco20193capas.TestCuentaConFixtures" time="0.06"/>
  <testcase name="testImporteInvalido73_B" classname="edu.uclm.esi.iso2.banco20193capas.TestCuentaConFixtures" time="0.059"/>
  <testcase name="testImporteInvalido74_B" classname="edu.uclm.esi.iso2.banco20193capas.TestCuentaConFixtures" time="0.055"/>
  <testcase name="testSaldoInsuficienteException39_A" classname="edu.uclm.esi.iso2.banco20193capas.TestCuentaConFixtures" time="0.063"/>
  <testcase name="testSaldoInsuficienteException64_A" classname="edu.uclm.esi.iso2.banco20193capas.TestCuentaConFixtures" time="0.054"/>
  <testcase name="testSaldoInsuficienteException67_A" classname="edu.uclm.esi.iso2.banco20193capas.TestCuentaConFixtures" time="0.051"/>
  <testcase name="testSaldoInsuficienteException68_A" classname="edu.uclm.esi.iso2.banco20193capas.TestCuentaConFixtures" time="0.067"/>
</testsuite>